<?xml version="1.0" encoding="UTF-8"?>
<!-- Generated by org.testng.reporters.JUnitXMLReporter -->
<testsuite hostname="BLRL42468" ignored="0" name="Default test" tests="3" failures="0" timestamp="16 Dec 2018 04:12:13 GMT" time="0.041" errors="0">
  <testcase name="getParameter" time="0.009" classname="com.src.basics.TestNGDataParameter"/>
  <testcase name="login" time="0.001" classname="com.src.basics.TestNGDataParameter"/>
  <testcase name="login" time="0.001" classname="com.src.basics.TestNGDataParameter"/>
</testsuite> <!-- Default test -->
