<?xml version="1.0" encoding="UTF-8"?>
<testng-results skipped="0" failed="0" ignored="0" total="3" passed="3">
  <reporter-output>
  </reporter-output>
  <suite name="testngbasics" duration-ms="37" started-at="2018-12-16T04:12:39Z" finished-at="2018-12-16T04:12:39Z">
    <groups>
    </groups>
    <test name="TestngFeatures" duration-ms="37" started-at="2018-12-16T04:12:39Z" finished-at="2018-12-16T04:12:39Z">
      <class name="com.src.basics.TestNGDataParameter">
        <test-method status="PASS" signature="getParameter(java.lang.String)[pri:0, instance:com.src.basics.TestNGDataParameter@56f4468b]" name="getParameter" duration-ms="8" started-at="2018-12-16T04:12:39Z" finished-at="2018-12-16T04:12:39Z">
          <params>
            <param index="0">
              <value>
                <![CDATA[JavaSelenium]]>
              </value>
            </param>
          </params>
          <reporter-output>
          </reporter-output>
        </test-method> <!-- getParameter -->
        <test-method status="PASS" signature="login(java.lang.String, java.lang.String)[pri:0, instance:com.src.basics.TestNGDataParameter@56f4468b]" name="login" duration-ms="2" started-at="2018-12-16T04:12:39Z" data-provider="getData" finished-at="2018-12-16T04:12:39Z">
          <params>
            <param index="0">
              <value>
                <![CDATA[User1]]>
              </value>
            </param>
            <param index="1">
              <value>
                <![CDATA[Pass1]]>
              </value>
            </param>
          </params>
          <reporter-output>
          </reporter-output>
        </test-method> <!-- login -->
        <test-method status="PASS" signature="login(java.lang.String, java.lang.String)[pri:0, instance:com.src.basics.TestNGDataParameter@56f4468b]" name="login" duration-ms="1" started-at="2018-12-16T04:12:39Z" data-provider="getData" finished-at="2018-12-16T04:12:39Z">
          <params>
            <param index="0">
              <value>
                <![CDATA[User2]]>
              </value>
            </param>
            <param index="1">
              <value>
                <![CDATA[Pass2]]>
              </value>
            </param>
          </params>
          <reporter-output>
          </reporter-output>
        </test-method> <!-- login -->
      </class> <!-- com.src.basics.TestNGDataParameter -->
    </test> <!-- TestngFeatures -->
  </suite> <!-- testngbasics -->
</testng-results>
