<?xml version="1.0" encoding="UTF-8"?>
<!-- Generated by org.testng.reporters.JUnitXMLReporter -->
<testsuite hostname="BLRL42468" ignored="0" name="TestngFeatures" tests="3" failures="0" timestamp="16 Dec 2018 04:12:39 GMT" time="0.037" errors="0">
  <testcase name="getParameter" time="0.008" classname="com.src.basics.TestNGDataParameter"/>
  <testcase name="login" time="0.002" classname="com.src.basics.TestNGDataParameter"/>
  <testcase name="login" time="0.001" classname="com.src.basics.TestNGDataParameter"/>
</testsuite> <!-- TestngFeatures -->
